Arguments: 
  C:\Program Files\nodejs\node.exe C:\Users\Nicolas\AppData\Roaming\npm\node_modules\yarn\bin\yarn.js build

PATH: 
  C:\xpressmp\bin;C:\xpressmp\workbench;c:\programdata\oracle\java\javapath;c:\program files (x86)\intel\icls client\;c:\program files\intel\icls client\;c:\windows\system32;c:\windows;c:\windows\system32\wbem;c:\windows\system32\windowspowershell\v1.0\;c:\program files\intel\wifi\bin\;c:\program files\common files\intel\wirelesscommon\;c:\program files (x86)\intel\intel(r) management engine components\dal;c:\program files\intel\intel(r) management engine components\dal;c:\program files (x86)\intel\intel(r) management engine components\ipt;c:\program files\intel\intel(r) management engine components\ipt;c:\windows\system32;c:\windows;c:\windows\system32\wbem;c:\windows\system32\windowspowershell\v1.0\;c:\windows\system32;c:\windows;c:\windows\system32\wbem;c:\windows\system32\windowspowershell\v1.0\;c:\program files\git\cmd;C:\Program Files (x86)\NVIDIA Corporation\PhysX\Common;C:\Program Files\nodejs\;C:\Program Files (x86)\Windows Live\Shared;C:\Program Files\PuTTY\;C:\Program Files\MongoDB\Server\3.6\bin;C:\RailsInstaller\Git\cmd;C:\RailsInstaller\Ruby2.3.3\bin;C:\Users\Nicolas\AppData\Local\Microsoft\WindowsApps;C:\Users\Nicolas\AppData\Roaming\npm

Yarn version: 
  1.5.1

Node version: 
  8.9.4

Platform: 
  win32 x64

npm manifest: 
  {
    "name": "whygoalone",
    "version": "1.0.0",
    "description": "Web app that allows users around the world find near by places and people interested in visiting them.",
    "main": "index.js",
    "scripts": {
      "webpack": "webpack",
      "start": "node bin/www",
      "start:dev": "webpack-dev-server"
    },
    "author": "William Ravelo M, Nicolas Aguilar",
    "license": "MIT",
    "dependencies": {
      "body-parser": "^1.18.2",
      "bootstrap": "^4.0.0",
      "dotenv": "^5.0.1",
      "express": "^4.16.2",
      "jsonwebtoken": "^8.2.0",
      "mongoose": "^5.0.7",
      "morgan": "^1.9.0",
      "react": "^16.2.0",
      "react-dom": "^16.2.0",
      "react-redux": "^5.0.7",
      "reactstrap": "^5.0.0-beta",
      "redux": "^3.7.2",
      "redux-promise-middleware": "^5.0.0",
      "redux-thunk": "^2.2.0"
    },
    "devDependencies": {
      "babel-core": "^6.26.0",
      "babel-loader": "^7.1.3",
      "babel-preset-es2015": "^6.24.1",
      "babel-preset-react": "^6.24.1",
      "css-loader": "^0.28.10",
      "style-loader": "^0.20.2",
      "webpack": "^4.0.1",
      "webpack-cli": "^2.0.9",
      "webpack-dev-server": "^3.1.0"
    }
  }

yarn manifest: 
  No manifest

Lockfile: 
  No lockfile

Trace: 
  Error: Command "build" not found.
      at new MessageError (C:\Users\Nicolas\AppData\Roaming\npm\node_modules\yarn\lib\cli.js:186:110)
      at C:\Users\Nicolas\AppData\Roaming\npm\node_modules\yarn\lib\cli.js:87307:17
      at Generator.next (<anonymous>)
      at step (C:\Users\Nicolas\AppData\Roaming\npm\node_modules\yarn\lib\cli.js:98:30)
      at C:\Users\Nicolas\AppData\Roaming\npm\node_modules\yarn\lib\cli.js:116:14
      at new Promise (<anonymous>)
      at new F (C:\Users\Nicolas\AppData\Roaming\npm\node_modules\yarn\lib\cli.js:23451:28)
      at C:\Users\Nicolas\AppData\Roaming\npm\node_modules\yarn\lib\cli.js:95:12
      at runCommand (C:\Users\Nicolas\AppData\Roaming\npm\node_modules\yarn\lib\cli.js:87312:22)
      at Object.<anonymous> (C:\Users\Nicolas\AppData\Roaming\npm\node_modules\yarn\lib\cli.js:87412:14)
